<?xml version="1.0" encoding="UTF-8"?>
<!-- Generated by org.testng.reporters.JUnitXMLReporter -->
<testsuite ignored="0" hostname="LAPTOP-OEIBQQ4S" failures="2" tests="5" name="Test" time="0.286" errors="0" timestamp="2022-07-02T14:58:10 IST">
  <testcase classname="TestNGStudy.FailTCExecution" name="TC10" time="0.015"/>
  <testcase classname="TestNGStudy.FailTCExecution" name="TC6" time="0.112">
    <failure type="org.testng.internal.thread.ThreadTimeoutException" message="Method TestNGStudy.FailTCExecution.TC6() didn&amp;apos;t finish within the time-out 100">
      <![CDATA[org.testng.internal.thread.ThreadTimeoutException: Method TestNGStudy.FailTCExecution.TC6() didn't finish within the time-out 100
at java.base/java.util.ArrayList.forEach(ArrayList.java:1511)
... Removed 24 stack frames]]>
    </failure>
  </testcase> <!-- TC6 -->
  <testcase classname="TestNGStudy.FailTCExecution" name="TC7" time="0.006"/>
  <testcase classname="TestNGStudy.FailTCExecution" name="TC8" time="0.017">
    <failure type="java.lang.AssertionError" message="null">
      <![CDATA[java.lang.AssertionError: null
at TestNGStudy.FailTCExecution.TC8(FailTCExecution.java:29)
at java.base/java.util.ArrayList.forEach(ArrayList.java:1511)
... Removed 29 stack frames]]>
    </failure>
  </testcase> <!-- TC8 -->
  <testcase classname="TestNGStudy.FailTCExecution" name="TC9" time="0.005"/>
</testsuite> <!-- Test -->
